2019-01-18 16:57:55 [scrapy.utils.log] INFO: Scrapy 1.5.1 started (bot: wine_research)
2019-01-18 16:57:55 [scrapy.utils.log] INFO: Versions: lxml 4.3.0.0, libxml2 2.9.9, cssselect 1.0.3, parsel 1.5.1, w3lib 1.20.0, Twisted 18.9.0, Python 3.6.7 (default, Oct 22 2018, 11:32:17) - [GCC 8.2.0], pyOpenSSL 18.0.0 (OpenSSL 1.1.0j  20 Nov 2018), cryptography 2.4.2, Platform Linux-4.15.0-43-generic-x86_64-with-Ubuntu-18.04-bionic
2019-01-18 16:57:55 [scrapy.crawler] INFO: Overridden settings: {'BOT_NAME': 'wine_research', 'DOWNLOAD_DELAY': 1, 'FEED_FORMAT': 'csv', 'FEED_URI': 'biodynamic_history.csv', 'NEWSPIDER_MODULE': 'wine_research.spiders', 'SPIDER_MODULES': ['wine_research.spiders']}
2019-01-18 16:57:55 [scrapy.middleware] INFO: Enabled extensions:
['scrapy.extensions.corestats.CoreStats',
 'scrapy.extensions.telnet.TelnetConsole',
 'scrapy.extensions.memusage.MemoryUsage',
 'scrapy.extensions.feedexport.FeedExporter',
 'scrapy.extensions.logstats.LogStats']
2019-01-18 16:57:55 [scrapy.middleware] INFO: Enabled downloader middlewares:
['scrapy.downloadermiddlewares.httpauth.HttpAuthMiddleware',
 'scrapy.downloadermiddlewares.downloadtimeout.DownloadTimeoutMiddleware',
 'scrapy.downloadermiddlewares.defaultheaders.DefaultHeadersMiddleware',
 'scrapy.downloadermiddlewares.useragent.UserAgentMiddleware',
 'scrapy.downloadermiddlewares.retry.RetryMiddleware',
 'scrapy.downloadermiddlewares.redirect.MetaRefreshMiddleware',
 'scrapy.downloadermiddlewares.httpcompression.HttpCompressionMiddleware',
 'scrapy.downloadermiddlewares.redirect.RedirectMiddleware',
 'scrapy.downloadermiddlewares.cookies.CookiesMiddleware',
 'scrapy.downloadermiddlewares.httpproxy.HttpProxyMiddleware',
 'scrapy.downloadermiddlewares.stats.DownloaderStats']
2019-01-18 16:57:55 [scrapy.middleware] INFO: Enabled spider middlewares:
['scrapy.spidermiddlewares.httperror.HttpErrorMiddleware',
 'scrapy.spidermiddlewares.offsite.OffsiteMiddleware',
 'scrapy.spidermiddlewares.referer.RefererMiddleware',
 'scrapy.spidermiddlewares.urllength.UrlLengthMiddleware',
 'scrapy.spidermiddlewares.depth.DepthMiddleware']
Unhandled error in Deferred:
2019-01-18 16:57:55 [twisted] CRITICAL: Unhandled error in Deferred:

Traceback (most recent call last):
  File "/home/julian/PycharmProjects/wine_research/venv/lib/python3.6/site-packages/scrapy/crawler.py", line 171, in crawl
    return self._crawl(crawler, *args, **kwargs)
  File "/home/julian/PycharmProjects/wine_research/venv/lib/python3.6/site-packages/scrapy/crawler.py", line 175, in _crawl
    d = crawler.crawl(*args, **kwargs)
  File "/home/julian/PycharmProjects/wine_research/venv/lib/python3.6/site-packages/twisted/internet/defer.py", line 1613, in unwindGenerator
    return _cancellableInlineCallbacks(gen)
  File "/home/julian/PycharmProjects/wine_research/venv/lib/python3.6/site-packages/twisted/internet/defer.py", line 1529, in _cancellableInlineCallbacks
    _inlineCallbacks(None, g, status)
--- <exception caught here> ---
  File "/home/julian/PycharmProjects/wine_research/venv/lib/python3.6/site-packages/twisted/internet/defer.py", line 1418, in _inlineCallbacks
    result = g.send(result)
  File "/home/julian/PycharmProjects/wine_research/venv/lib/python3.6/site-packages/scrapy/crawler.py", line 80, in crawl
    self.engine = self._create_engine()
  File "/home/julian/PycharmProjects/wine_research/venv/lib/python3.6/site-packages/scrapy/crawler.py", line 105, in _create_engine
    return ExecutionEngine(self, lambda _: self.stop())
  File "/home/julian/PycharmProjects/wine_research/venv/lib/python3.6/site-packages/scrapy/core/engine.py", line 70, in __init__
    self.scraper = Scraper(crawler)
  File "/home/julian/PycharmProjects/wine_research/venv/lib/python3.6/site-packages/scrapy/core/scraper.py", line 71, in __init__
    self.itemproc = itemproc_cls.from_crawler(crawler)
  File "/home/julian/PycharmProjects/wine_research/venv/lib/python3.6/site-packages/scrapy/middleware.py", line 58, in from_crawler
    return cls.from_settings(crawler.settings, crawler)
  File "/home/julian/PycharmProjects/wine_research/venv/lib/python3.6/site-packages/scrapy/middleware.py", line 34, in from_settings
    mwcls = load_object(clspath)
  File "/home/julian/PycharmProjects/wine_research/venv/lib/python3.6/site-packages/scrapy/utils/misc.py", line 44, in load_object
    mod = import_module(module)
  File "/usr/lib/python3.6/importlib/__init__.py", line 126, in import_module
    return _bootstrap._gcd_import(name[level:], package, level)
  File "<frozen importlib._bootstrap>", line 994, in _gcd_import
    
  File "<frozen importlib._bootstrap>", line 971, in _find_and_load
    
  File "<frozen importlib._bootstrap>", line 955, in _find_and_load_unlocked
    
  File "<frozen importlib._bootstrap>", line 665, in _load_unlocked
    
  File "<frozen importlib._bootstrap_external>", line 678, in exec_module
    
  File "<frozen importlib._bootstrap>", line 219, in _call_with_frames_removed
    
  File "/home/julian/PycharmProjects/wine_research/wine_research/pipelines.py", line 47, in <module>
    test.splitlines()[1].split(', ')[1].split(' ')[0]
builtins.NameError: name 'test' is not defined

2019-01-18 16:57:55 [twisted] CRITICAL: 
Traceback (most recent call last):
  File "/home/julian/PycharmProjects/wine_research/venv/lib/python3.6/site-packages/twisted/internet/defer.py", line 1418, in _inlineCallbacks
    result = g.send(result)
  File "/home/julian/PycharmProjects/wine_research/venv/lib/python3.6/site-packages/scrapy/crawler.py", line 80, in crawl
    self.engine = self._create_engine()
  File "/home/julian/PycharmProjects/wine_research/venv/lib/python3.6/site-packages/scrapy/crawler.py", line 105, in _create_engine
    return ExecutionEngine(self, lambda _: self.stop())
  File "/home/julian/PycharmProjects/wine_research/venv/lib/python3.6/site-packages/scrapy/core/engine.py", line 70, in __init__
    self.scraper = Scraper(crawler)
  File "/home/julian/PycharmProjects/wine_research/venv/lib/python3.6/site-packages/scrapy/core/scraper.py", line 71, in __init__
    self.itemproc = itemproc_cls.from_crawler(crawler)
  File "/home/julian/PycharmProjects/wine_research/venv/lib/python3.6/site-packages/scrapy/middleware.py", line 58, in from_crawler
    return cls.from_settings(crawler.settings, crawler)
  File "/home/julian/PycharmProjects/wine_research/venv/lib/python3.6/site-packages/scrapy/middleware.py", line 34, in from_settings
    mwcls = load_object(clspath)
  File "/home/julian/PycharmProjects/wine_research/venv/lib/python3.6/site-packages/scrapy/utils/misc.py", line 44, in load_object
    mod = import_module(module)
  File "/usr/lib/python3.6/importlib/__init__.py", line 126, in import_module
    return _bootstrap._gcd_import(name[level:], package, level)
  File "<frozen importlib._bootstrap>", line 994, in _gcd_import
  File "<frozen importlib._bootstrap>", line 971, in _find_and_load
  File "<frozen importlib._bootstrap>", line 955, in _find_and_load_unlocked
  File "<frozen importlib._bootstrap>", line 665, in _load_unlocked
  File "<frozen importlib._bootstrap_external>", line 678, in exec_module
  File "<frozen importlib._bootstrap>", line 219, in _call_with_frames_removed
  File "/home/julian/PycharmProjects/wine_research/wine_research/pipelines.py", line 47, in <module>
    test.splitlines()[1].split(', ')[1].split(' ')[0]
NameError: name 'test' is not defined
